Prihlaska cislo 2 
Prezdivka: Betty 
Email: Bety888@seznam.cz 
Postavy: Kateřina 
Ubytování: ne 
Larpově divadelní večer: ano 
----

Prihlaska cislo 3 
Prezdivka: Zrzavec 
Email: roman.hora@gmail.com 
Postavy:  
Ubytování: ne 
Larpově divadelní večer: ano 
----

Prihlaska cislo 4 
Prezdivka: Alienka 
Email: lepitt@seznam.cz 
Postavy: Kateřina pokud to jde;)nebo Edita;) 
Ubytování: ano 
Larpově divadelní večer: ano 
----

Prihlaska cislo 5 
Prezdivka: Pachol 
Email: Jakub.Ventura@seznam.cz 
Postavy: - 
Ubytování: ano 
Larpově divadelní večer: ano 
----

Prihlaska cislo 6 
Prezdivka: Ksichtě 
Email: pgerhard@post.cz 
Postavy: Tomáš,Petr..nebo je to jedno 
Ubytování: ano 
Larpově divadelní večer: ano 
----

Prihlaska cislo 7 
Prezdivka: Barča 
Email: Tenrai@seznam.cz 
Postavy: Julie 
Ubytování: ano 
Larpově divadelní večer: ano 
----

Prihlaska cislo 8 
Prezdivka: zodiac 
Email: antoninkriz@seznam.cz 
Postavy: Antonín 
Ubytování: ano 
Larpově divadelní večer: ano 
----

Prihlaska cislo 9 
Prezdivka: wiris 
Email: wiris@atlas.cz 
Postavy: potulný Bard 
Ubytování: ano 
Larpově divadelní večer: ano 
----

Prihlaska cislo 10 
Prezdivka: Big John 
Email: chmua.ja@gmail.com 
Postavy:  
Ubytování: ne 
Larpově divadelní večer: ne 
----

Prihlaska cislo 11 
Prezdivka: Liwien 
Email: Lenaaa.a@seznam.cz 
Postavy: ta co zbyla :o) 
Ubytování: ne 
Larpově divadelní večer: ano 
----

